android/app/build/outputs/logs/manifest-merger-debug-report.txt
-- Merging decision tree log ---
manifest
ADDED from src\main\AndroidManifest.xml:1:1-51:12
INJECTED from src\main\AndroidManifest.xml:1:1-51:12
INJECTED from src\main\AndroidManifest.xml:1:1-51:12
INJECTED from src\main\AndroidManifest.xml:1:1-51:12
MERGED from src\main\AndroidManifest.xml:1:1-51:12
MERGED from [:firebase_auth] AndroidManifest.xml:2:1-15:12
MERGED from [:agconnect_core] AndroidManifest.xml:2:1-7:12
MERGED from [:huawei_map] AndroidManifest.xml:2:1-11:12
MERGED from [:flutter_plugin_android_lifecycle] AndroidManifest.xml:2:1-7:12
MERGED from [:firebase_core] AndroidManifest.xml:2:1-15:12
MERGED from [com.huawei.hms:maps:5.3.0.300] AndroidManifest.xml:2:1-26:12
MERGED from [com.huawei.hms:base:5.1.0.300] AndroidManifest.xml:2:1-28:12
MERGED from [com.huawei.hms:availableupdate:5.1.0.300] AndroidManifest.xml:2:1-35:12
MERGED from [com.huawei.hms:device:5.1.0.300] AndroidManifest.xml:2:1-14:12
MERGED from [com.huawei.agconnect:agconnect-core:1.5.2.300] AndroidManifest.xml:2:1-21:12
MERGED from [com.google.firebase:firebase-auth:21.0.1] AndroidManifest.xml:17:1-83:12
MERGED from [androidx.browser:browser:1.0.0] AndroidManifest.xml:17:1-22:12
MERGED from [androidx.legacy:legacy-support-core-ui:1.0.0] AndroidManifest.xml:17:1-22:12
MERGED from [androidx.swiperefreshlayout:swiperefreshlayout:1.0.0] AndroidManifest.xml:17:1-22:12
MERGED from [androidx.interpolator:interpolator:1.0.0] AndroidManifest.xml:17:1-22:12
MERGED from [com.google.android.gms:play-services-auth-api-phone:17.4.0] AndroidManifest.xml:2:1-7:12
MERGED from [com.google.android.gms:play-services-safetynet:17.0.0] AndroidManifest.xml:17:1-24:12
MERGED from [com.google.android.gms:play-services-base:17.1.0] AndroidManifest.xml:17:1-29:12
MERGED from [com.google.firebase:firebase-auth-interop:20.0.0] AndroidManifest.xml:2:1-10:12
MERGED from [com.google.firebase:firebase-common:20.0.0] AndroidManifest.xml:15:1-40:12
MERGED from [com.google.android.gms:play-services-tasks:17.0.0] AndroidManifest.xml:2:1-9:12
MERGED from [com.google.android.gms:play-services-basement:17.1.0] AndroidManifest.xml:17:1-28:12
MERGED from [androidx.fragment:fragment:1.1.0] AndroidManifest.xml:17:1-24:12
MERGED from [androidx.viewpager:viewpager:1.0.0] AndroidManifest.xml:17:1-22:12
MERGED from [androidx.legacy:legacy-support-core-utils:1.0.0] AndroidManifest.xml:17:1-22:12
MERGED from [androidx.loader:loader:1.0.0] AndroidManifest.xml:17:1-22:12
MERGED from [androidx.activity:activity:1.0.0] AndroidManifest.xml:17:1-24:12
MERGED from [androidx.coordinatorlayout:coordinatorlayout:1.0.0] AndroidManifest.xml:17:1-22:12
MERGED from [androidx.drawerlayout:drawerlayout:1.0.0] AndroidManifest.xml:17:1-22:12
MERGED from [androidx.slidingpanelayout:slidingpanelayout:1.0.0] AndroidManifest.xml:17:1-22:12
MERGED from [androidx.customview:customview:1.0.0] AndroidManifest.xml:17:1-22:12
MERGED from [androidx.asynclayoutinflater:asynclayoutinflater:1.0.0] AndroidManifest.xml:17:1-22:12
MERGED from [androidx.core:core:1.1.0] AndroidManifest.xml:17:1-26:12
MERGED from [androidx.lifecycle:lifecycle-runtime:2.2.0] AndroidManifest.xml:17:1-24:12
MERGED from [androidx.savedstate:savedstate:1.0.0] AndroidManifest.xml:17:1-24:12
MERGED from [androidx.lifecycle:lifecycle-livedata:2.0.0] AndroidManifest.xml:17:1-22:12
MERGED from [androidx.lifecycle:lifecycle-livedata-core:2.0.0] AndroidManifest.xml:17:1-22:12
MERGED from [androidx.localbroadcastmanager:localbroadcastmanager:1.0.0] AndroidManifest.xml:17:1-22:12
MERGED from [com.google.firebase:firebase-components:17.0.0] AndroidManifest.xml:15:1-23:12
MERGED from [androidx.arch.core:core-runtime:2.0.0] AndroidManifest.xml:17:1-22:12
MERGED from [androidx.versionedparcelable:versionedparcelable:1.1.0] AndroidManifest.xml:17:1-27:12
MERGED from [androidx.lifecycle:lifecycle-viewmodel:2.1.0] AndroidManifest.xml:17:1-22:12
MERGED from [androidx.cursoradapter:cursoradapter:1.0.0] AndroidManifest.xml:17:1-22:12
MERGED from [androidx.documentfile:documentfile:1.0.0] AndroidManifest.xml:17:1-22:12
MERGED from [androidx.print:print:1.0.0] AndroidManifest.xml:17:1-22:12
MERGED from [com.huawei.hmf:tasks:1.4.1.300] AndroidManifest.xml:2:1-10:12
MERGED from [com.huawei.hms:dynamic-api:1.0.17.300] AndroidManifest.xml:2:1-25:12
MERGED from [com.huawei.hms:stats:5.1.0.300] AndroidManifest.xml:2:1-16:12
MERGED from [com.huawei.hms:ui:5.1.0.300] AndroidManifest.xml:2:1-29:12
MERGED from [com.huawei.hms:log:5.1.0.300] AndroidManifest.xml:2:1-14:12
MERGED from [com.huawei.hms:update:2.0.7.302] AndroidManifest.xml:2:1-48:12
MERGED from [com.huawei.hms:network-grs:4.0.20.301] AndroidManifest.xml:2:1-11:12
MERGED from [com.huawei.android.hms:security-encrypt:1.1.5.302] AndroidManifest.xml:2:1-11:12
MERGED from [com.huawei.android.hms:security-ssl:1.1.5.302] AndroidManifest.xml:2:1-15:12
MERGED from [com.huawei.hms:hatool:5.1.0.300] AndroidManifest.xml:2:1-9:12
MERGED from [com.huawei.hms:network-framework-compat:4.0.20.301] AndroidManifest.xml:2:1-11:12
MERGED from [com.huawei.hms:network-common:4.0.20.301] AndroidManifest.xml:2:1-11:12
INJECTED from src\debug\AndroidManifest.xml:1:1-7:12
INJECTED from src\debug\AndroidManifest.xml:1:1-7:12
INJECTED from src\debug\AndroidManifest.xml:1:1-7:12
	package
		ADDED from src\main\AndroidManifest.xml:2:5-35
		INJECTED from src\main\AndroidManifest.xml
		INJECTED from src\debug\AndroidManifest.xml
	android:versionName
		INJECTED from src\main\AndroidManifest.xml
		ADDED from src\main\AndroidManifest.xml:1:1-51:12
		INJECTED from src\debug\AndroidManifest.xml
	android:versionCode
		INJECTED from src\main\AndroidManifest.xml
		ADDED from src\main\AndroidManifest.xml:1:1-51:12
		INJECTED from src\debug\AndroidManifest.xml
	xmlns:android
		ADDED from src\main\AndroidManifest.xml:1:11-69
uses-permission#android.permission.INTERNET
ADDED from src\main\AndroidManifest.xml:4:5-66
MERGED from src\main\AndroidManifest.xml:4:5-66
MERGED from src\main\AndroidManifest.xml:4:5-66
MERGED from [com.huawei.hms:base:5.1.0.300] AndroidManifest.xml:10:5-67
MERGED from [com.huawei.hms:base:5.1.0.300] AndroidManifest.xml:10:5-67
MERGED from [com.huawei.hms:availableupdate:5.1.0.300] AndroidManifest.xml:10:5-67
MERGED from [com.huawei.hms:availableupdate:5.1.0.300] AndroidManifest.xml:10:5-67
MERGED from [com.google.firebase:firebase-auth:21.0.1] AndroidManifest.xml:23:5-67
MERGED from [com.google.firebase:firebase-auth:21.0.1] AndroidManifest.xml:23:5-67
MERGED from [com.huawei.hms:stats:5.1.0.300] AndroidManifest.xml:10:5-67
MERGED from [com.huawei.hms:stats:5.1.0.300] AndroidManifest.xml:10:5-67
MERGED from [com.huawei.hms:update:2.0.7.302] AndroidManifest.xml:11:5-67
MERGED from [com.huawei.hms:update:2.0.7.302] AndroidManifest.xml:11:5-67
	android:name
		ADDED from src\main\AndroidManifest.xml:4:22-64
uses-permission#android.permission.ACCESS_NETWORK_STATE
ADDED from src\main\AndroidManifest.xml:5:5-78
MERGED from [:huawei_map] AndroidManifest.xml:9:5-79
MERGED from [:huawei_map] AndroidManifest.xml:9:5-79
MERGED from [com.huawei.hms:availableupdate:5.1.0.300] AndroidManifest.xml:14:5-79
MERGED from [com.huawei.hms:availableupdate:5.1.0.300] AndroidManifest.xml:14:5-79
MERGED from [com.huawei.hms:device:5.1.0.300] AndroidManifest.xml:10:5-79
MERGED from [com.huawei.hms:device:5.1.0.300] AndroidManifest.xml:10:5-79
MERGED from [com.google.firebase:firebase-auth:21.0.1] AndroidManifest.xml:24:5-79
MERGED from [com.google.firebase:firebase-auth:21.0.1] AndroidManifest.xml:24:5-79
MERGED from [com.huawei.hms:stats:5.1.0.300] AndroidManifest.xml:12:5-79
MERGED from [com.huawei.hms:stats:5.1.0.300] AndroidManifest.xml:12:5-79
MERGED from [com.huawei.hms:update:2.0.7.302] AndroidManifest.xml:12:5-79
MERGED from [com.huawei.hms:update:2.0.7.302] AndroidManifest.xml:12:5-79
	android:name
		ADDED from src\main\AndroidManifest.xml:5:22-76
uses-permission#com.huawei.appmarket.service.commondata.permission.GET_COMMON_DATA
ADDED from src\main\AndroidManifest.xml:6:5-105
MERGED from [com.huawei.hms:availableupdate:5.1.0.300] AndroidManifest.xml:18:5-106
MERGED from [com.huawei.hms:availableupdate:5.1.0.300] AndroidManifest.xml:18:5-106
MERGED from [com.huawei.hms:update:2.0.7.302] AndroidManifest.xml:18:5-106
MERGED from [com.huawei.hms:update:2.0.7.302] AndroidManifest.xml:18:5-106
	android:name
		ADDED from src\main\AndroidManifest.xml:6:22-103
uses-permission#android.permission.ACCESS_COARSE_LOCATION
ADDED from src\main\AndroidManifest.xml:7:5-80
	android:name
		ADDED from src\main\AndroidManifest.xml:7:22-78
uses-permission#android.permission.ACCESS_FINE_LOCATION
ADDED from src\main\AndroidManifest.xml:8:5-78
	android:name
		ADDED from src\main\AndroidManifest.xml:8:22-76
meta-data#com.huawei.hms.client.appid
ADDED from src\main\AndroidManifest.xml:10:5-12:36
	android:value
		ADDED from src\main\AndroidManifest.xml:12:9-34
	android:name
		ADDED from src\main\AndroidManifest.xml:11:9-51
application
ADDED from src\main\AndroidManifest.xml:13:5-50:19
MERGED from [:firebase_auth] AndroidManifest.xml:7:5-13:19
MERGED from [:firebase_auth] AndroidManifest.xml:7:5-13:19
MERGED from [:firebase_core] AndroidManifest.xml:7:5-13:19
MERGED from [:firebase_core] AndroidManifest.xml:7:5-13:19
MERGED from [com.huawei.hms:maps:5.3.0.300] AndroidManifest.xml:11:5-24:19
MERGED from [com.huawei.hms:maps:5.3.0.300] AndroidManifest.xml:11:5-24:19
MERGED from [com.huawei.hms:base:5.1.0.300] AndroidManifest.xml:12:5-26:19
MERGED from [com.huawei.hms:base:5.1.0.300] AndroidManifest.xml:12:5-26:19
MERGED from [com.huawei.hms:availableupdate:5.1.0.300] AndroidManifest.xml:20:5-33:19
MERGED from [com.huawei.hms:availableupdate:5.1.0.300] AndroidManifest.xml:20:5-33:19
MERGED from [com.huawei.hms:device:5.1.0.300] AndroidManifest.xml:12:5-20
MERGED from [com.huawei.hms:device:5.1.0.300] AndroidManifest.xml:12:5-20
MERGED from [com.huawei.agconnect:agconnect-core:1.5.2.300] AndroidManifest.xml:10:5-19:19
MERGED from [com.huawei.agconnect:agconnect-core:1.5.2.300] AndroidManifest.xml:10:5-19:19
MERGED from [com.google.firebase:firebase-auth:21.0.1] AndroidManifest.xml:26:5-81:19
MERGED from [com.google.firebase:firebase-auth:21.0.1] AndroidManifest.xml:26:5-81:19
MERGED from [com.google.android.gms:play-services-safetynet:17.0.0] AndroidManifest.xml:22:5-20
MERGED from [com.google.android.gms:play-services-safetynet:17.0.0] AndroidManifest.xml:22:5-20
MERGED from [com.google.android.gms:play-services-base:17.1.0] AndroidManifest.xml:22:5-27:19
MERGED from [com.google.android.gms:play-services-base:17.1.0] AndroidManifest.xml:22:5-27:19
MERGED from [com.google.firebase:firebase-auth-interop:20.0.0] AndroidManifest.xml:7:5-8:19
MERGED from [com.google.firebase:firebase-auth-interop:20.0.0] AndroidManifest.xml:7:5-8:19
MERGED from [com.google.firebase:firebase-common:20.0.0] AndroidManifest.xml:25:5-38:19
MERGED from [com.google.firebase:firebase-common:20.0.0] AndroidManifest.xml:25:5-38:19
MERGED from [com.google.android.gms:play-services-tasks:17.0.0] AndroidManifest.xml:7:5-20
MERGED from [com.google.android.gms:play-services-tasks:17.0.0] AndroidManifest.xml:7:5-20
MERGED from [com.google.android.gms:play-services-basement:17.1.0] AndroidManifest.xml:22:5-26:19
MERGED from [com.google.android.gms:play-services-basement:17.1.0] AndroidManifest.xml:22:5-26:19
MERGED from [androidx.core:core:1.1.0] AndroidManifest.xml:24:5-89
MERGED from [androidx.core:core:1.1.0] AndroidManifest.xml:24:5-89
MERGED from [androidx.versionedparcelable:versionedparcelable:1.1.0] AndroidManifest.xml:24:5-25:19
MERGED from [androidx.versionedparcelable:versionedparcelable:1.1.0] AndroidManifest.xml:24:5-25:19
MERGED from [com.huawei.hms:dynamic-api:1.0.17.300] AndroidManifest.xml:16:5-23:19
MERGED from [com.huawei.hms:dynamic-api:1.0.17.300] AndroidManifest.xml:16:5-23:19
MERGED from [com.huawei.hms:stats:5.1.0.300] AndroidManifest.xml:14:5-20
MERGED from [com.huawei.hms:stats:5.1.0.300] AndroidManifest.xml:14:5-20
MERGED from [com.huawei.hms:ui:5.1.0.300] AndroidManifest.xml:9:5-27:19
MERGED from [com.huawei.hms:ui:5.1.0.300] AndroidManifest.xml:9:5-27:19
MERGED from [com.huawei.hms:log:5.1.0.300] AndroidManifest.xml:12:5-20
MERGED from [com.huawei.hms:log:5.1.0.300] AndroidManifest.xml:12:5-20
MERGED from [com.huawei.hms:update:2.0.7.302] AndroidManifest.xml:20:5-46:19
MERGED from [com.huawei.hms:update:2.0.7.302] AndroidManifest.xml:20:5-46:19
MERGED from [com.huawei.android.hms:security-ssl:1.1.5.302] AndroidManifest.xml:9:5-13:19
MERGED from [com.huawei.android.hms:security-ssl:1.1.5.302] AndroidManifest.xml:9:5-13:19
	android:appComponentFactory
		ADDED from [androidx.core:core:1.1.0] AndroidManifest.xml:24:18-86
	android:label
		ADDED from src\main\AndroidManifest.xml:14:9-33
	android:icon
		ADDED from src\main\AndroidManifest.xml:15:9-43
activity#com.example.firebase.MainActivity
ADDED from src\main\AndroidManifest.xml:16:9-44:20
	android:launchMode
		ADDED from src\main\AndroidManifest.xml:18:13-43
	android:hardwareAccelerated
		ADDED from src\main\AndroidManifest.xml:21:13-47
	android:windowSoftInputMode
		ADDED from src\main\AndroidManifest.xml:22:13-55
	android:configChanges
		ADDED from src\main\AndroidManifest.xml:20:13-163
	android:theme
		ADDED from src\main\AndroidManifest.xml:19:13-47
	android:name
		ADDED from src\main\AndroidManifest.xml:17:13-41
meta-data#io.flutter.embedding.android.NormalTheme
ADDED from src\main\AndroidManifest.xml:27:13-30:17
	android:resource
		ADDED from src\main\AndroidManifest.xml:29:15-52
	android:name
		ADDED from src\main\AndroidManifest.xml:28:15-70
meta-data#io.flutter.embedding.android.SplashScreenDrawable
ADDED from src\main\AndroidManifest.xml:36:13-39:17
	android:resource
		ADDED from src\main\AndroidManifest.xml:38:15-61
	android:name
		ADDED from src\main\AndroidManifest.xml:37:15-79
intent-filter#action:name:android.intent.action.MAIN+category:name:android.intent.category.LAUNCHER
ADDED from src\main\AndroidManifest.xml:40:13-43:29
action#android.intent.action.MAIN
ADDED from src\main\AndroidManifest.xml:41:17-68
	android:name
		ADDED from src\main\AndroidManifest.xml:41:25-66
category#android.intent.category.LAUNCHER
ADDED from src\main\AndroidManifest.xml:42:17-76
	android:name
		ADDED from src\main\AndroidManifest.xml:42:27-74
meta-data#flutterEmbedding
ADDED from src\main\AndroidManifest.xml:47:9-49:33
	android:value
		ADDED from src\main\AndroidManifest.xml:49:13-30
	android:name
		ADDED from src\main\AndroidManifest.xml:48:13-44
uses-sdk
INJECTED from src\main\AndroidManifest.xml reason: use-sdk injection requested
INJECTED from src\main\AndroidManifest.xml
INJECTED from src\main\AndroidManifest.xml
MERGED from [:firebase_auth] AndroidManifest.xml:5:5-44
MERGED from [:firebase_auth] AndroidManifest.xml:5:5-44
MERGED from [:agconnect_core] AndroidManifest.xml:5:5-44
MERGED from [:agconnect_core] AndroidManifest.xml:5:5-44
MERGED from [:huawei_map] AndroidManifest.xml:5:5-7:41
MERGED from [:huawei_map] AndroidManifest.xml:5:5-7:41
MERGED from [:flutter_plugin_android_lifecycle] AndroidManifest.xml:5:5-44
MERGED from [:flutter_plugin_android_lifecycle] AndroidManifest.xml:5:5-44
MERGED from [:firebase_core] AndroidManifest.xml:5:5-44
MERGED from [:firebase_core] AndroidManifest.xml:5:5-44
MERGED from [com.huawei.hms:maps:5.3.0.300] AndroidManifest.xml:7:5-9:41
MERGED from [com.huawei.hms:maps:5.3.0.300] AndroidManifest.xml:7:5-9:41
MERGED from [com.huawei.hms:base:5.1.0.300] AndroidManifest.xml:5:5-7:41
MERGED from [com.huawei.hms:base:5.1.0.300] AndroidManifest.xml:5:5-7:41
MERGED from [com.huawei.hms:availableupdate:5.1.0.300] AndroidManifest.xml:5:5-7:41
MERGED from [com.huawei.hms:availableupdate:5.1.0.300] AndroidManifest.xml:5:5-7:41
MERGED from [com.huawei.hms:device:5.1.0.300] AndroidManifest.xml:5:5-7:41
MERGED from [com.huawei.hms:device:5.1.0.300] AndroidManifest.xml:5:5-7:41
MERGED from [com.huawei.agconnect:agconnect-core:1.5.2.300] AndroidManifest.xml:6:5-8:41
MERGED from [com.huawei.agconnect:agconnect-core:1.5.2.300] AndroidManifest.xml:6:5-8:41
MERGED from [com.google.firebase:firebase-auth:21.0.1] AndroidManifest.xml:21:5-44
MERGED from [com.google.firebase:firebase-auth:21.0.1] AndroidManifest.xml:21:5-44
MERGED from [androidx.browser:browser:1.0.0] AndroidManifest.xml:20:5-44
MERGED from [androidx.browser:browser:1.0.0] AndroidManifest.xml:20:5-44
MERGED from [androidx.legacy:legacy-support-core-ui:1.0.0] AndroidManifest.xml:20:5-44
MERGED from [androidx.legacy:legacy-support-core-ui:1.0.0] AndroidManifest.xml:20:5-44
MERGED from [androidx.swiperefreshlayout:swiperefreshlayout:1.0.0] AndroidManifest.xml:20:5-44
MERGED from [androidx.swiperefreshlayout:swiperefreshlayout:1.0.0] AndroidManifest.xml:20:5-44
MERGED from [androidx.interpolator:interpolator:1.0.0] AndroidManifest.xml:20:5-44
MERGED from [androidx.interpolator:interpolator:1.0.0] AndroidManifest.xml:20:5-44
MERGED from [com.google.android.gms:play-services-auth-api-phone:17.4.0] AndroidManifest.xml:5:5-44
MERGED from [com.google.android.gms:play-services-auth-api-phone:17.4.0] AndroidManifest.xml:5:5-44
MERGED from [com.google.android.gms:play-services-safetynet:17.0.0] AndroidManifest.xml:20:5-44
MERGED from [com.google.android.gms:play-services-safetynet:17.0.0] AndroidManifest.xml:20:5-44
MERGED from [com.google.android.gms:play-services-base:17.1.0] AndroidManifest.xml:20:5-44
MERGED from [com.google.android.gms:play-services-base:17.1.0] AndroidManifest.xml:20:5-44
MERGED from [com.google.firebase:firebase-auth-interop:20.0.0] AndroidManifest.xml:5:5-44
MERGED from [com.google.firebase:firebase-auth-interop:20.0.0] AndroidManifest.xml:5:5-44
MERGED from [com.google.firebase:firebase-common:20.0.0] AndroidManifest.xml:20:5-22:41
MERGED from [com.google.firebase:firebase-common:20.0.0] AndroidManifest.xml:20:5-22:41
MERGED from [com.google.android.gms:play-services-tasks:17.0.0] AndroidManifest.xml:5:5-44
MERGED from [com.google.android.gms:play-services-tasks:17.0.0] AndroidManifest.xml:5:5-44
MERGED from [com.google.android.gms:play-services-basement:17.1.0] AndroidManifest.xml:20:5-44
MERGED from [com.google.android.gms:play-services-basement:17.1.0] AndroidManifest.xml:20:5-44
MERGED from [androidx.fragment:fragment:1.1.0] AndroidManifest.xml:20:5-22:41
MERGED from [androidx.fragment:fragment:1.1.0] AndroidManifest.xml:20:5-22:41
MERGED from [androidx.viewpager:viewpager:1.0.0] AndroidManifest.xml:20:5-44
MERGED from [androidx.viewpager:viewpager:1.0.0] AndroidManifest.xml:20:5-44
MERGED from [androidx.legacy:legacy-support-core-utils:1.0.0] AndroidManifest.xml:20:5-44
MERGED from [androidx.legacy:legacy-support-core-utils:1.0.0] AndroidManifest.xml:20:5-44
MERGED from [androidx.loader:loader:1.0.0] AndroidManifest.xml:20:5-44
MERGED from [androidx.loader:loader:1.0.0] AndroidManifest.xml:20:5-44
MERGED from [androidx.activity:activity:1.0.0] AndroidManifest.xml:20:5-22:41
MERGED from [androidx.activity:activity:1.0.0] AndroidManifest.xml:20:5-22:41
MERGED from [androidx.coordinatorlayout:coordinatorlayout:1.0.0] AndroidManifest.xml:20:5-44
MERGED from [androidx.coordinatorlayout:coordinatorlayout:1.0.0] AndroidManifest.xml:20:5-44
MERGED from [androidx.drawerlayout:drawerlayout:1.0.0] AndroidManifest.xml:20:5-44
MERGED from [androidx.drawerlayout:drawerlayout:1.0.0] AndroidManifest.xml:20:5-44
MERGED from [androidx.slidingpanelayout:slidingpanelayout:1.0.0] AndroidManifest.xml:20:5-44
MERGED from [androidx.slidingpanelayout:slidingpanelayout:1.0.0] AndroidManifest.xml:20:5-44
MERGED from [androidx.customview:customview:1.0.0] AndroidManifest.xml:20:5-44
MERGED from [androidx.customview:customview:1.0.0] AndroidManifest.xml:20:5-44
MERGED from [androidx.asynclayoutinflater:asynclayoutinflater:1.0.0] AndroidManifest.xml:20:5-44
MERGED from [androidx.asynclayoutinflater:asynclayoutinflater:1.0.0] AndroidManifest.xml:20:5-44
MERGED from [androidx.core:core:1.1.0] AndroidManifest.xml:20:5-22:41
MERGED from [androidx.core:core:1.1.0] AndroidManifest.xml:20:5-22:41
MERGED from [androidx.lifecycle:lifecycle-runtime:2.2.0] AndroidManifest.xml:20:5-22:41
MERGED from [androidx.lifecycle:lifecycle-runtime:2.2.0] AndroidManifest.xml:20:5-22:41
MERGED from [androidx.savedstate:savedstate:1.0.0] AndroidManifest.xml:20:5-22:41
MERGED from [androidx.savedstate:savedstate:1.0.0] AndroidManifest.xml:20:5-22:41
MERGED from [androidx.lifecycle:lifecycle-livedata:2.0.0] AndroidManifest.xml:20:5-44
MERGED from [androidx.lifecycle:lifecycle-livedata:2.0.0] AndroidManifest.xml:20:5-44
MERGED from [androidx.lifecycle:lifecycle-livedata-core:2.0.0] AndroidManifest.xml:20:5-44
MERGED from [androidx.lifecycle:lifecycle-livedata-core:2.0.0] AndroidManifest.xml:20:5-44
MERGED from [androidx.localbroadcastmanager:localbroadcastmanager:1.0.0] AndroidManifest.xml:20:5-44
MERGED from [androidx.localbroadcastmanager:localbroadcastmanager:1.0.0] AndroidManifest.xml:20:5-44
MERGED from [com.google.firebase:firebase-components:17.0.0] AndroidManifest.xml:19:5-21:41
MERGED from [com.google.firebase:firebase-components:17.0.0] AndroidManifest.xml:19:5-21:41
MERGED from [androidx.arch.core:core-runtime:2.0.0] AndroidManifest.xml:20:5-44
MERGED from [androidx.arch.core:core-runtime:2.0.0] AndroidManifest.xml:20:5-44
MERGED from [androidx.versionedparcelable:versionedparcelable:1.1.0] AndroidManifest.xml:20:5-22:41
MERGED from [androidx.versionedparcelable:versionedparcelable:1.1.0] AndroidManifest.xml:20:5-22:41
MERGED from [androidx.lifecycle:lifecycle-viewmodel:2.1.0] AndroidManifest.xml:20:5-44
MERGED from [androidx.lifecycle:lifecycle-viewmodel:2.1.0] AndroidManifest.xml:20:5-44
MERGED from [androidx.cursoradapter:cursoradapter:1.0.0] AndroidManifest.xml:20:5-44
MERGED from [androidx.cursoradapter:cursoradapter:1.0.0] AndroidManifest.xml:20:5-44
MERGED from [androidx.documentfile:documentfile:1.0.0] AndroidManifest.xml:20:5-44
MERGED from [androidx.documentfile:documentfile:1.0.0] AndroidManifest.xml:20:5-44
MERGED from [androidx.print:print:1.0.0] AndroidManifest.xml:20:5-44
MERGED from [androidx.print:print:1.0.0] AndroidManifest.xml:20:5-44
MERGED from [com.huawei.hmf:tasks:1.4.1.300] AndroidManifest.xml:6:5-8:41
MERGED from [com.huawei.hmf:tasks:1.4.1.300] AndroidManifest.xml:6:5-8:41
MERGED from [com.huawei.hms:dynamic-api:1.0.17.300] AndroidManifest.xml:7:5-9:41
MERGED from [com.huawei.hms:dynamic-api:1.0.17.300] AndroidManifest.xml:7:5-9:41
MERGED from [com.huawei.hms:stats:5.1.0.300] AndroidManifest.xml:5:5-7:41
MERGED from [com.huawei.hms:stats:5.1.0.300] AndroidManifest.xml:5:5-7:41
MERGED from [com.huawei.hms:ui:5.1.0.300] AndroidManifest.xml:5:5-7:41
MERGED from [com.huawei.hms:ui:5.1.0.300] AndroidManifest.xml:5:5-7:41
MERGED from [com.huawei.hms:log:5.1.0.300] AndroidManifest.xml:5:5-7:41
MERGED from [com.huawei.hms:log:5.1.0.300] AndroidManifest.xml:5:5-7:41
MERGED from [com.huawei.hms:update:2.0.7.302] AndroidManifest.xml:7:5-9:41
MERGED from [com.huawei.hms:update:2.0.7.302] AndroidManifest.xml:7:5-9:41
MERGED from [com.huawei.hms:network-grs:4.0.20.301] AndroidManifest.xml:7:5-9:41
MERGED from [com.huawei.hms:network-grs:4.0.20.301] AndroidManifest.xml:7:5-9:41
MERGED from [com.huawei.android.hms:security-encrypt:1.1.5.302] AndroidManifest.xml:7:5-9:41
MERGED from [com.huawei.android.hms:security-encrypt:1.1.5.302] AndroidManifest.xml:7:5-9:41
MERGED from [com.huawei.android.hms:security-ssl:1.1.5.302] AndroidManifest.xml:7:5-43
MERGED from [com.huawei.android.hms:security-ssl:1.1.5.302] AndroidManifest.xml:7:5-43
MERGED from [com.huawei.hms:hatool:5.1.0.300] AndroidManifest.xml:5:5-7:41
MERGED from [com.huawei.hms:hatool:5.1.0.300] AndroidManifest.xml:5:5-7:41
MERGED from [com.huawei.hms:network-framework-compat:4.0.20.301] AndroidManifest.xml:7:5-9:41
MERGED from [com.huawei.hms:network-framework-compat:4.0.20.301] AndroidManifest.xml:7:5-9:41
MERGED from [com.huawei.hms:network-common:4.0.20.301] AndroidManifest.xml:7:5-9:41
MERGED from [com.huawei.hms:network-common:4.0.20.301] AndroidManifest.xml:7:5-9:41
INJECTED from src\debug\AndroidManifest.xml
INJECTED from src\debug\AndroidManifest.xml
	android:targetSdkVersion
		INJECTED from src\main\AndroidManifest.xml
		INJECTED from src\debug\AndroidManifest.xml
	android:minSdkVersion
		INJECTED from src\main\AndroidManifest.xml
		INJECTED from src\debug\AndroidManifest.xml
service#com.google.firebase.components.ComponentDiscoveryService
ADDED from [:firebase_auth] AndroidManifest.xml:8:9-12:19
MERGED from [:firebase_core] AndroidManifest.xml:8:9-12:19
MERGED from [:firebase_core] AndroidManifest.xml:8:9-12:19
MERGED from [com.google.firebase:firebase-auth:21.0.1] AndroidManifest.xml:74:9-80:19
MERGED from [com.google.firebase:firebase-auth:21.0.1] AndroidManifest.xml:74:9-80:19
MERGED from [com.google.firebase:firebase-common:20.0.0] AndroidManifest.xml:33:9-37:35
MERGED from [com.google.firebase:firebase-common:20.0.0] AndroidManifest.xml:33:9-37:35
	android:exported
		ADDED from [com.google.firebase:firebase-auth:21.0.1] AndroidManifest.xml:76:13-37
	tools:targetApi
		ADDED from [com.google.firebase:firebase-common:20.0.0] AndroidManifest.xml:37:13-32
	android:directBootAware
		ADDED from [com.google.firebase:firebase-common:20.0.0] AndroidManifest.xml:35:13-43
	android:name
		ADDED from [:firebase_auth] AndroidManifest.xml:8:18-89
meta-data#com.google.firebase.components:io.flutter.plugins.firebase.auth.FlutterFirebaseAuthRegistrar
ADDED from [:firebase_auth] AndroidManifest.xml:9:13-11:85
	android:value
		ADDED from [:firebase_auth] AndroidManifest.xml:11:17-82
	android:name
		ADDED from [:firebase_auth] AndroidManifest.xml:10:17-124
meta-data#com.google.firebase.components:io.flutter.plugins.firebase.core.FlutterFirebaseCoreRegistrar
ADDED from [:firebase_core] AndroidManifest.xml:9:13-11:85
	android:value
		ADDED from [:firebase_core] AndroidManifest.xml:11:17-82
	android:name
		ADDED from [:firebase_core] AndroidManifest.xml:10:17-124
meta-data#com.huawei.hms.map.version
ADDED from [com.huawei.hms:maps:5.3.0.300] AndroidManifest.xml:12:9-14:41
	android:value
		ADDED from [com.huawei.hms:maps:5.3.0.300] AndroidManifest.xml:14:13-38
	android:name
		ADDED from [com.huawei.hms:maps:5.3.0.300] AndroidManifest.xml:13:13-54
meta-data#com.huawei.hms.client.service.name:maps
ADDED from [com.huawei.hms:maps:5.3.0.300] AndroidManifest.xml:15:9-17:46
	android:value
		ADDED from [com.huawei.hms:maps:5.3.0.300] AndroidManifest.xml:17:13-43
	android:name
		ADDED from [com.huawei.hms:maps:5.3.0.300] AndroidManifest.xml:16:13-67
meta-data#com.huawei.hms.min_api_level:maps:huawei_module_maps
ADDED from [com.huawei.hms:maps:5.3.0.300] AndroidManifest.xml:18:9-20:33
	android:value
		ADDED from [com.huawei.hms:maps:5.3.0.300] AndroidManifest.xml:20:13-30
	android:name
		ADDED from [com.huawei.hms:maps:5.3.0.300] AndroidManifest.xml:19:13-80
meta-data#com.huawei.hms.min_api_level:maps:huawei_module_huaweimaps
ADDED from [com.huawei.hms:maps:5.3.0.300] AndroidManifest.xml:21:9-23:33
	android:value
		ADDED from [com.huawei.hms:maps:5.3.0.300] AndroidManifest.xml:23:13-30
	android:name
		ADDED from [com.huawei.hms:maps:5.3.0.300] AndroidManifest.xml:22:13-86
meta-data#com.huawei.hms.client.service.name:base
ADDED from [com.huawei.hms:base:5.1.0.300] AndroidManifest.xml:18:9-20:46
	android:value
		ADDED from [com.huawei.hms:base:5.1.0.300] AndroidManifest.xml:20:13-43
	android:name
		ADDED from [com.huawei.hms:base:5.1.0.300] AndroidManifest.xml:19:13-67
meta-data#com.huawei.hms.min_api_level:base:hmscore
ADDED from [com.huawei.hms:base:5.1.0.300] AndroidManifest.xml:23:9-25:33
	android:value
		ADDED from [com.huawei.hms:base:5.1.0.300] AndroidManifest.xml:25:13-30
	android:name
		ADDED from [com.huawei.hms:base:5.1.0.300] AndroidManifest.xml:24:13-69
uses-permission#android.permission.WRITE_EXTERNAL_STORAGE
ADDED from [com.huawei.hms:availableupdate:5.1.0.300] AndroidManifest.xml:12:5-81
MERGED from [com.huawei.hms:log:5.1.0.300] AndroidManifest.xml:10:5-81
MERGED from [com.huawei.hms:log:5.1.0.300] AndroidManifest.xml:10:5-81
	android:name
		ADDED from [com.huawei.hms:availableupdate:5.1.0.300] AndroidManifest.xml:12:22-78
uses-permission#android.permission.REQUEST_INSTALL_PACKAGES
ADDED from [com.huawei.hms:availableupdate:5.1.0.300] AndroidManifest.xml:16:5-83
MERGED from [com.huawei.hms:update:2.0.7.302] AndroidManifest.xml:15:5-83
MERGED from [com.huawei.hms:update:2.0.7.302] AndroidManifest.xml:15:5-83
	android:name
		ADDED from [com.huawei.hms:availableupdate:5.1.0.300] AndroidManifest.xml:16:22-80
meta-data#availableLoaded
ADDED from [com.huawei.hms:availableupdate:5.1.0.300] AndroidManifest.xml:23:9-25:35
	android:value
		ADDED from [com.huawei.hms:availableupdate:5.1.0.300] AndroidManifest.xml:25:13-32
	android:name
		ADDED from [com.huawei.hms:availableupdate:5.1.0.300] AndroidManifest.xml:24:13-43
provider#com.huawei.hms.update.provider.UpdateProvider
ADDED from [com.huawei.hms:availableupdate:5.1.0.300] AndroidManifest.xml:27:9-32:20
	android:grantUriPermissions
		ADDED from [com.huawei.hms:availableupdate:5.1.0.300] AndroidManifest.xml:31:13-47
	android:authorities
		ADDED from [com.huawei.hms:availableupdate:5.1.0.300] AndroidManifest.xml:29:13-71
	android:exported
		ADDED from [com.huawei.hms:availableupdate:5.1.0.300] AndroidManifest.xml:30:13-37
	android:name
		ADDED from [com.huawei.hms:availableupdate:5.1.0.300] AndroidManifest.xml:28:13-73
uses-permission#android.permission.READ_EXTERNAL_STORAGE
IMPLIED from src\debug\AndroidManifest.xml:1:1-7:12 reason: com.huawei.hms.base.availableupdate requested WRITE_EXTERNAL_STORAGE
provider#com.huawei.agconnect.core.provider.AGConnectInitializeProvider
ADDED from [com.huawei.agconnect:agconnect-core:1.5.2.300] AndroidManifest.xml:11:9-14:40
	android:authorities
		ADDED from [com.huawei.agconnect:agconnect-core:1.5.2.300] AndroidManifest.xml:13:13-73
	android:exported
		ADDED from [com.huawei.agconnect:agconnect-core:1.5.2.300] AndroidManifest.xml:14:13-37
	android:name